<?xml version="1.0" encoding="UTF-8"?>
<!-- Generated by org.testng.reporters.JUnitXMLReporter -->
<testsuite hostname="a5-PC" ignored="0" name="testsss" tests="3" failures="1" timestamp="25 May 2019 07:06:10 GMT" time="0.058" errors="0">
  <testcase name="m1" time="0.012" classname="com.tc.Tcs"/>
  <testcase name="m2" time="0.004" classname="com.tc.Tcs"/>
  <testcase name="m3" time="0.004" classname="com.tc.Tcs">
    <failure type="java.lang.AssertionError" message="null">
      <![CDATA[java.lang.AssertionError: null
at com.tc.Tcs.m3(Tcs.java:25)
... Removed 27 stack frames]]>
    </failure>
  </testcase> <!-- m3 -->
</testsuite> <!-- testsss -->
